Starting Nmap 7.80 ( https://nmap.org ) at 2023-01-13 16:40 W. Europe Standard Time
Nmap scan report for 192.168.1.1
Host is up (0.00s latency).

PORT   STATE SERVICE
80/tcp open  http
MAC Address: 60:38:E0:C3:71:A8 (Belkin International)

Nmap scan report for Kathys-MBP.local (192.168.1.6)
Host is up (0.079s latency).

PORT   STATE    SERVICE
80/tcp filtered http
MAC Address: 8C:85:90:65:E3:CD (Apple)

Nmap scan report for BELESHMX08S2N-1.local (192.168.1.12)
Host is up (0.051s latency).

PORT   STATE    SERVICE
80/tcp filtered http
MAC Address: F4:D1:08:C3:CF:80 (Intel Corporate)

Nmap scan report for 192.168.1.17
Host is up (0.048s latency).

PORT   STATE SERVICE
80/tcp open  http
MAC Address: C4:41:1E:FA:2D:DA (Belkin International)

Nmap scan report for Linksys50184.local (192.168.1.43)
Host is up (0.00013s latency).

PORT   STATE SERVICE
80/tcp open  http
MAC Address: C4:41:1E:FA:1C:4B (Belkin International)

Nmap scan report for 192.168.1.76
Host is up (0.0010s latency).

PORT   STATE  SERVICE
80/tcp closed http
MAC Address: 0C:4D:E9:A9:0E:3A (Apple)

Nmap scan report for 192.168.1.112
Host is up (0.13s latency).

PORT   STATE  SERVICE
80/tcp closed http
MAC Address: A4:83:E7:23:FD:83 (Apple)

Nmap scan report for 192.168.1.125
Host is up (0.10s latency).

PORT   STATE    SERVICE
80/tcp filtered http
MAC Address: 92:B9:5A:AA:CA:C5 (Unknown)

Nmap scan report for MacBook-Pro-2.local (192.168.1.142)
Host is up (0.058s latency).

PORT   STATE  SERVICE
80/tcp closed http
MAC Address: B8:E8:56:3F:3C:4E (Apple)

Nmap scan report for 192.168.1.149
Host is up (0.048s latency).

PORT   STATE SERVICE
80/tcp open  http
MAC Address: C4:41:1E:FA:1A:57 (Belkin International)

Nmap scan report for Linksys38997.local (192.168.1.177)
Host is up (0.053s latency).

PORT   STATE SERVICE
80/tcp open  http
MAC Address: D8:EC:5E:79:D7:EA (Unknown)

Nmap scan report for Linksys00100.local (192.168.1.195)
Host is up (0.00s latency).

PORT   STATE    SERVICE
80/tcp filtered http
MAC Address: C0:56:27:C1:A8:88 (Belkin International)

Nmap scan report for 192.168.1.200
Host is up (0.16s latency).

PORT   STATE  SERVICE
80/tcp closed http
MAC Address: 16:4A:C7:E8:A1:A9 (Unknown)

Nmap scan report for Reject-modernity-Return-to-monke.local (192.168.1.230)
Host is up (0.14s latency).

PORT   STATE  SERVICE
80/tcp closed http
MAC Address: 76:72:A3:BC:4D:9F (Unknown)

Skipping SYN Stealth Scan against 192.168.1.110 because Windows does not support scanning your own machine (localhost) this way.
Nmap scan report for 192.168.1.110
Host is up.

PORT   STATE   SERVICE
80/tcp unknown http

Nmap done: 256 IP addresses (15 hosts up) scanned in 6.72 seconds
